build/app/outputs/mapping/release/mapping.txt
# compiler: R8
# compiler_version: 1.5.64
# min_api: 20
# pg_map_id: 831fa35
com.example.sample_project.MainActivity -> com.example.sample_project.MainActivity:
    void configureFlutterEngine(io.flutter.embedding.engine.FlutterEngine) -> a
...
androidx.fragment.app.FragmentManagerImpl$2 -> b.d.a.j$b:
    android.view.ViewGroup val$container -> b
    androidx.fragment.app.FragmentManagerImpl this$0 -> d
    androidx.fragment.app.Fragment val$fragment -> c
androidx.fragment.app.FragmentManagerImpl$2$1 -> b.d.a.j$b$a:
    androidx.fragment.app.FragmentManagerImpl$2 this$1 -> a
androidx.fragment.app.FragmentManagerImpl$3 -> b.d.a.j$c:
    android.view.ViewGroup val$container -> a
    androidx.fragment.app.FragmentManagerImpl this$0 -> d
    android.view.View val$viewToAnimate -> b
    androidx.fragment.app.Fragment val$fragment -> c
androidx.fragment.app.FragmentManagerImpl$4 -> b.d.a.j$d:
    android.view.ViewGroup val$container -> a
    android.view.View val$animatingView -> b
    androidx.fragment.app.Fragment val$fragment -> c
androidx.fragment.app.FragmentManagerImpl$AnimateOnHWLayerIfNeededListener -> b.d.a.j$e:
    android.view.View mView -> b
androidx.fragment.app.FragmentManagerImpl$AnimateOnHWLayerIfNeededListener$1 -> b.d.a.j$e$a:
    androidx.fragment.app.FragmentManagerImpl$AnimateOnHWLayerIfNeededListener this$0 -> a
androidx.fragment.app.FragmentManagerImpl$AnimationListenerWrapper -> b.d.a.j$f:
    android.view.animation.Animation$AnimationListener mWrapped -> a
androidx.fragment.app.FragmentManagerImpl$AnimationOrAnimator -> b.d.a.j$g:
    android.view.animation.Animation animation -> a
    android.animation.Animator animator -> b
androidx.fragment.app.FragmentManagerImpl$AnimatorOnHWLayerIfNeededListener -> b.d.a.j$h:
    android.view.View mView -> a
androidx.fragment.app.FragmentManagerImpl$EndViewTransitionAnimator -> b.d.a.j$i:
    android.view.ViewGroup mParent -> a
    boolean mAnimating -> e
    android.view.View mChild -> b
    boolean mEnded -> c
    boolean mTransitionEnded -> d
androidx.fragment.app.FragmentManagerImpl$FragmentLifecycleCallbacksHolder -> b.d.a.j$j:
    boolean mRecursive -> b
    androidx.fragment.app.FragmentManager$FragmentLifecycleCallbacks mCallback -> a
androidx.fragment.app.FragmentManagerImpl$FragmentTag -> b.d.a.j$k:
    int[] Fragment -> a
androidx.fragment.app.FragmentManagerImpl$OpGenerator -> b.d.a.j$l:
    boolean generateOps(java.util.ArrayList,java.util.ArrayList) -> a
androidx.fragment.app.FragmentManagerImpl$PopBackStackState -> b.d.a.j$m:
    androidx.fragment.app.FragmentManagerImpl this$0 -> d
    java.lang.String mName -> a
    int mId -> b
    int mFlags -> c
    boolean generateOps(java.util.ArrayList,java.util.ArrayList) -> a
androidx.fragment.app.FragmentManagerImpl$StartEnterTransitionListener -> b.d.a.j$n:
    boolean mIsBack -> a
    int mNumPostponed -> c
    androidx.fragment.app.BackStackRecord mRecord -> b
    void onStartEnterTransition() -> a
    void startListening() -> b
    void cancelTransaction() -> c
    void completeTransaction() -> d
    boolean isReady() -> e
androidx.fragment.app.FragmentManagerNonConfig -> b.d.a.k:
    java.util.List mChildNonConfigs -> b
    java.util.List mFragments -> a
    java.util.List mViewModelStores -> c
    java.util.List getChildNonConfigs() -> a
    java.util.List getFragments() -> b
    java.util.List getViewModelStores() -> c
androidx.fragment.app.FragmentManagerState -> b.d.a.l:
    androidx.fragment.app.FragmentState[] mActive -> a
    int[] mAdded -> b
    int mPrimaryNavActiveIndex -> d
    int mNextFragmentIndex -> e
    androidx.fragment.app.BackStackState[] mBackStack -> c
androidx.fragment.app.FragmentManagerState$1 -> b.d.a.l$a: